This file contains any messages produced by compilers while
running configure, to aid debugging if configure makes a mistake.

It was created by BNIX configure 0.1.0, which was
generated by GNU Autoconf 2.69.  Invocation command line was

  $ ./configure 

## --------- ##
## Platform. ##
## --------- ##

hostname = BelnaLT
uname -m = x86_64
uname -r = 5.10.102.1-microsoft-standard-WSL2
uname -s = Linux
uname -v = #1 SMP Wed Mar 2 00:30:59 UTC 2022

/usr/bin/uname -p = x86_64
/bin/uname -X     = unknown

/bin/arch              = x86_64
/usr/bin/arch -k       = unknown
/usr/convex/getsysinfo = unknown
/usr/bin/hostinfo      = unknown
/bin/machine           = unknown
/usr/bin/oslevel       = unknown
/bin/universe          = unknown

PATH: /usr/local/sbin
PATH: /usr/local/bin
PATH: /usr/sbin
PATH: /usr/bin
PATH: /sbin
PATH: /bin
PATH: /snap/bin


## ----------- ##
## Core tests. ##
## ----------- ##

configure:1918: checking build system type
configure:1932: result: x86_64-unknown-linux-gnu
configure:1975: checking host system type
configure:1988: result: x86_64-unknown-linux-gnu
configure:2008: checking target system type
configure:2021: result: x86_64-unknown-linux-gnu
configure:2075: checking for a BSD-compatible install
configure:2143: result: /usr/bin/install -c
configure:2154: checking whether ln works
configure:2176: result: yes
configure:2180: checking whether ln -s works
configure:2184: result: yes
configure:2191: checking for a sed that does not truncate output
configure:2255: result: /usr/bin/sed
configure:2264: checking for gawk
configure:2280: found /usr/bin/gawk
configure:2291: result: gawk
configure:2376: checking for gcc
configure:2392: found /usr/bin/gcc
configure:2403: result: gcc
configure:2632: checking for C compiler version
configure:2641: gcc --version >&5
gcc (Ubuntu 9.4.0-1ubuntu1~20.04.1) 9.4.0
Copyright (C) 2019 Free Software Foundation, Inc.
This is free software; see the source for copying conditions.  There is NO
warranty; not even for MERCHANTABILITY or FITNESS FOR A PARTICULAR PURPOSE.

configure:2652: $? = 0
configure:2641: gcc -v >&5
Using built-in specs.
COLLECT_GCC=gcc
COLLECT_LTO_WRAPPER=/usr/lib/gcc/x86_64-linux-gnu/9/lto-wrapper
OFFLOAD_TARGET_NAMES=nvptx-none:hsa
OFFLOAD_TARGET_DEFAULT=1
Target: x86_64-linux-gnu
Configured with: ../src/configure -v --with-pkgversion='Ubuntu 9.4.0-1ubuntu1~20.04.1' --with-bugurl=file:///usr/share/doc/gcc-9/README.Bugs --enable-languages=c,ada,c++,go,brig,d,fortran,objc,obj-c++,gm2 --prefix=/usr --with-gcc-major-version-only --program-suffix=-9 --program-prefix=x86_64-linux-gnu- --enable-shared --enable-linker-build-id --libexecdir=/usr/lib --without-included-gettext --enable-threads=posix --libdir=/usr/lib --enable-nls --enable-clocale=gnu --enable-libstdcxx-debug --enable-libstdcxx-time=yes --with-default-libstdcxx-abi=new --enable-gnu-unique-object --disable-vtable-verify --enable-plugin --enable-default-pie --with-system-zlib --with-target-system-zlib=auto --enable-objc-gc=auto --enable-multiarch --disable-werror --with-arch-32=i686 --with-abi=m64 --with-multilib-list=m32,m64,mx32 --enable-multilib --with-tune=generic --enable-offload-targets=nvptx-none=/build/gcc-9-Av3uEd/gcc-9-9.4.0/debian/tmp-nvptx/usr,hsa --without-cuda-driver --enable-checking=release --build=x86_64-linux-gnu --host=x86_64-linux-gnu --target=x86_64-linux-gnu
Thread model: posix
gcc version 9.4.0 (Ubuntu 9.4.0-1ubuntu1~20.04.1) 
configure:2652: $? = 0
configure:2641: gcc -V >&5
gcc: error: unrecognized command line option '-V'
gcc: fatal error: no input files
compilation terminated.
configure:2652: $? = 1
configure:2641: gcc -qversion >&5
gcc: error: unrecognized command line option '-qversion'; did you mean '--version'?
gcc: fatal error: no input files
compilation terminated.
configure:2652: $? = 1
configure:2672: checking whether the C compiler works
configure:2694: gcc    conftest.c  >&5
configure:2698: $? = 0
configure:2746: result: yes
configure:2749: checking for C compiler default output file name
configure:2751: result: a.out
configure:2757: checking for suffix of executables
configure:2764: gcc -o conftest    conftest.c  >&5
configure:2768: $? = 0
configure:2790: result: 
configure:2812: checking whether we are cross compiling
configure:2820: gcc -o conftest    conftest.c  >&5
configure:2824: $? = 0
configure:2831: ./conftest
configure:2835: $? = 0
configure:2823: result: no
configure:2828: checking for suffix of object files
configure:2850: gcc -c   conftest.c >&5
configure:2854: $? = 0
configure:2875: result: o
configure:2879: checking whether we are using the GNU C compiler
configure:2898: gcc -c   conftest.c >&5
configure:2898: $? = 0
configure:2907: result: yes
configure:2916: checking whether gcc accepts -g
configure:2936: gcc -c -g  conftest.c >&5
configure:2936: $? = 0
configure:2977: result: yes
configure:2994: checking for gcc option to accept ISO C89
configure:3057: gcc  -c -g -O2  conftest.c >&5
configure:3057: $? = 0
configure:3070: result: none needed
configure:3148: checking for g++
configure:3178: result: no
configure:3148: checking for c++
configure:3178: result: no
configure:3148: checking for gpp
configure:3178: result: no
configure:3148: checking for aCC
configure:3178: result: no
configure:3148: checking for CC
configure:3178: result: no
configure:3148: checking for cxx
configure:3178: result: no
configure:3148: checking for cc++
configure:3178: result: no
configure:3148: checking for cl.exe
configure:3178: result: no
configure:3148: checking for FCC
configure:3178: result: no
configure:3148: checking for KCC
configure:3178: result: no
configure:3148: checking for RCC
configure:3178: result: no
configure:3148: checking for xlC_r
configure:3178: result: no
configure:3148: checking for xlC
configure:3178: result: no
configure:3202: checking for C++ compiler version
configure:3211: g++ --version >&5
./configure: line 3213: g++: command not found
configure:3222: $? = 127
configure:3211: g++ -v >&5
./configure: line 3213: g++: command not found
configure:3222: $? = 127
configure:3211: g++ -V >&5
./configure: line 3213: g++: command not found
configure:3222: $? = 127
configure:3211: g++ -qversion >&5
./configure: line 3213: g++: command not found
configure:3222: $? = 127
configure:3226: checking whether we are using the GNU C++ compiler
configure:3245: g++ -c   conftest.cpp >&5
./configure: line 1505: g++: command not found
configure:3245: $? = 127
configure: failed program was:
| /* confdefs.h */
| #define PACKAGE_NAME "BNIX"
| #define PACKAGE_TARNAME "BNIX"
| #define PACKAGE_VERSION "0.1.0"
| #define PACKAGE_STRING "BNIX 0.1.0"
| #define PACKAGE_BUGREPORT "bbelna@aol.com"
| #define PACKAGE_URL "http://github.com/bbelna/bnix/"
| /* end confdefs.h.  */
| 
| int
| main ()
| {
| #ifndef __GNUC__
|        choke me
| #endif
| 
|   ;
|   return 0;
| }
configure:3254: result: no
configure:3263: checking whether g++ accepts -g
configure:3283: g++ -c -g  conftest.cpp >&5
./configure: line 1505: g++: command not found
configure:3283: $? = 127
configure: failed program was:
| /* confdefs.h */
| #define PACKAGE_NAME "BNIX"
| #define PACKAGE_TARNAME "BNIX"
| #define PACKAGE_VERSION "0.1.0"
| #define PACKAGE_STRING "BNIX 0.1.0"
| #define PACKAGE_BUGREPORT "bbelna@aol.com"
| #define PACKAGE_URL "http://github.com/bbelna/bnix/"
| /* end confdefs.h.  */
| 
| int
| main ()
| {
| 
|   ;
|   return 0;
| }
configure:3298: g++ -c   conftest.cpp >&5
./configure: line 1505: g++: command not found
configure:3298: $? = 127
configure: failed program was:
| /* confdefs.h */
| #define PACKAGE_NAME "BNIX"
| #define PACKAGE_TARNAME "BNIX"
| #define PACKAGE_VERSION "0.1.0"
| #define PACKAGE_STRING "BNIX 0.1.0"
| #define PACKAGE_BUGREPORT "bbelna@aol.com"
| #define PACKAGE_URL "http://github.com/bbelna/bnix/"
| /* end confdefs.h.  */
| 
| int
| main ()
| {
| 
|   ;
|   return 0;
| }
configure:3314: g++ -c -g  conftest.cpp >&5
./configure: line 1505: g++: command not found
configure:3314: $? = 127
configure: failed program was:
| /* confdefs.h */
| #define PACKAGE_NAME "BNIX"
| #define PACKAGE_TARNAME "BNIX"
| #define PACKAGE_VERSION "0.1.0"
| #define PACKAGE_STRING "BNIX 0.1.0"
| #define PACKAGE_BUGREPORT "bbelna@aol.com"
| #define PACKAGE_URL "http://github.com/bbelna/bnix/"
| /* end confdefs.h.  */
| 
| int
| main ()
| {
| 
|   ;
|   return 0;
| }
configure:3324: result: no
configure:3476: checking for cc
configure:3492: found /usr/bin/cc
configure:3503: result: cc
configure:3637: checking for c++
configure:3667: result: no
configure:3637: checking for g++
configure:3667: result: no
configure:3637: checking for cxx
configure:3667: result: no
configure:3637: checking for gxx
configure:3667: result: no
configure:3798: checking for gcc
configure:3814: found /usr/bin/gcc
configure:3825: result: gcc
configure:4080: checking for cpp
configure:4096: found /usr/bin/cpp
configure:4107: result: cpp
configure:4310: checking for ar
configure:4326: found /usr/bin/ar
configure:4337: result: ar
configure:4540: checking for as
configure:4556: found /usr/bin/as
configure:4567: result: as
configure:4770: checking for ld
configure:4786: found /usr/bin/ld
configure:4797: result: ld
configure:5000: checking for lipo
configure:5030: result: no
configure:5230: checking for nm
configure:5246: found /usr/bin/nm
configure:5257: result: nm
configure:5460: checking for objdump
configure:5476: found /usr/bin/objdump
configure:5487: result: objdump
configure:5690: checking for objcopy
configure:5706: found /usr/bin/objcopy
configure:5717: result: objcopy
configure:5920: checking for ranlib
configure:5936: found /usr/bin/ranlib
configure:5947: result: ranlib
configure:6150: checking for readelf
configure:6166: found /usr/bin/readelf
configure:6177: result: readelf
configure:6380: checking for strip
configure:6396: found /usr/bin/strip
configure:6407: result: strip
configure:6583: creating ./config.status

## ---------------------- ##
## Running config.status. ##
## ---------------------- ##

This file was extended by BNIX config.status 0.1.0, which was
generated by GNU Autoconf 2.69.  Invocation command line was

  CONFIG_FILES    = 
  CONFIG_HEADERS  = 
  CONFIG_LINKS    = 
  CONFIG_COMMANDS = 
  $ ./config.status 

on BelnaLT

config.status:834: creating Makefile
config.status:834: creating include/bnix/config.h
config.status:1009: include/bnix/config.h is unchanged

## ---------------- ##
## Cache variables. ##
## ---------------- ##

ac_cv_build=x86_64-unknown-linux-gnu
ac_cv_c_compiler_gnu=yes
ac_cv_cxx_compiler_gnu=no
ac_cv_env_AR_FOR_TARGET_set=
ac_cv_env_AR_FOR_TARGET_value=
ac_cv_env_AS_FOR_TARGET_set=
ac_cv_env_AS_FOR_TARGET_value=
ac_cv_env_CCC_set=
ac_cv_env_CCC_value=
ac_cv_env_CC_FOR_TARGET_set=
ac_cv_env_CC_FOR_TARGET_value=
ac_cv_env_CC_set=
ac_cv_env_CC_value=
ac_cv_env_CFLAGS_set=
ac_cv_env_CFLAGS_value=
ac_cv_env_CPPFLAGS_set=
ac_cv_env_CPPFLAGS_value=
ac_cv_env_CPP_FOR_TARGET_set=
ac_cv_env_CPP_FOR_TARGET_value=
ac_cv_env_CXXFLAGS_set=
ac_cv_env_CXXFLAGS_value=
ac_cv_env_CXX_FOR_TARGET_set=
ac_cv_env_CXX_FOR_TARGET_value=
ac_cv_env_CXX_set=
ac_cv_env_CXX_value=
ac_cv_env_GCC_FOR_TARGET_set=
ac_cv_env_GCC_FOR_TARGET_value=
ac_cv_env_LDFLAGS_set=
ac_cv_env_LDFLAGS_value=
ac_cv_env_LD_FOR_TARGET_set=
ac_cv_env_LD_FOR_TARGET_value=
ac_cv_env_LIBS_set=
ac_cv_env_LIBS_value=
ac_cv_env_LIPO_FOR_TARGET_set=
ac_cv_env_LIPO_FOR_TARGET_value=
ac_cv_env_NM_FOR_TARGET_set=
ac_cv_env_NM_FOR_TARGET_value=
ac_cv_env_OBJCOPY_FOR_TARGET_set=
ac_cv_env_OBJCOPY_FOR_TARGET_value=
ac_cv_env_OBJDUMP_FOR_TARGET_set=
ac_cv_env_OBJDUMP_FOR_TARGET_value=
ac_cv_env_RANLIB_FOR_TARGET_set=
ac_cv_env_RANLIB_FOR_TARGET_value=
ac_cv_env_READELF_FOR_TARGET_set=
ac_cv_env_READELF_FOR_TARGET_value=
ac_cv_env_STRIP_FOR_TARGET_set=
ac_cv_env_STRIP_FOR_TARGET_value=
ac_cv_env_build_alias_set=
ac_cv_env_build_alias_value=
ac_cv_env_host_alias_set=
ac_cv_env_host_alias_value=
ac_cv_env_target_alias_set=
ac_cv_env_target_alias_value=
ac_cv_host=x86_64-unknown-linux-gnu
ac_cv_objext=o
ac_cv_path_SED=/usr/bin/sed
ac_cv_path_install='/usr/bin/install -c'
ac_cv_prog_AR_FOR_TARGET=ar
ac_cv_prog_AS_FOR_TARGET=as
ac_cv_prog_AWK=gawk
ac_cv_prog_CC_FOR_TARGET=cc
ac_cv_prog_CPP_FOR_TARGET=cpp
ac_cv_prog_GCC_FOR_TARGET=gcc
ac_cv_prog_LD_FOR_TARGET=ld
ac_cv_prog_NM_FOR_TARGET=nm
ac_cv_prog_OBJCOPY_FOR_TARGET=objcopy
ac_cv_prog_OBJDUMP_FOR_TARGET=objdump
ac_cv_prog_RANLIB_FOR_TARGET=ranlib
ac_cv_prog_READELF_FOR_TARGET=readelf
ac_cv_prog_STRIP_FOR_TARGET=strip
ac_cv_prog_ac_ct_CC=gcc
ac_cv_prog_cc_c89=
ac_cv_prog_cc_g=yes
ac_cv_prog_cxx_g=no
ac_cv_target=x86_64-unknown-linux-gnu
acx_cv_prog_LN=ln
gcc_cv_tool_dirs=
gcc_cv_tool_prefix=/usr/local

## ----------------- ##
## Output variables. ##
## ----------------- ##

AR_FOR_TARGET='ar'
AS_FOR_TARGET='as'
AWK='gawk'
CC='gcc'
CC_FOR_TARGET='cc'
CFLAGS='-g -O2'
CPPFLAGS=''
CPP_FOR_TARGET='cpp'
CXX='g++'
CXXFLAGS=''
CXX_FOR_TARGET='c++'
DEFS='-DHAVE_CONFIG_H'
ECHO_C=''
ECHO_N='-n'
ECHO_T=''
EXEEXT=''
GCC_FOR_TARGET='gcc'
INSTALL_DATA='${INSTALL} -m 644'
INSTALL_PROGRAM='${INSTALL}'
INSTALL_SCRIPT='${INSTALL}'
LDFLAGS=''
LD_FOR_TARGET='ld'
LIBOBJS=''
LIBS=''
LIPO_FOR_TARGET='lipo'
LN='ln'
LN_S='ln -s'
LTLIBOBJS=''
NM_FOR_TARGET='nm'
OBJCOPY_FOR_TARGET='objcopy'
OBJDUMP_FOR_TARGET='objdump'
OBJEXT='o'
PACKAGE_BUGREPORT='bbelna@aol.com'
PACKAGE_NAME='BNIX'
PACKAGE_STRING='BNIX 0.1.0'
PACKAGE_TARNAME='BNIX'
PACKAGE_URL='http://github.com/bbelna/bnix/'
PACKAGE_VERSION='0.1.0'
PATH_SEPARATOR=':'
RANLIB_FOR_TARGET='ranlib'
READELF_FOR_TARGET='readelf'
SED='/usr/bin/sed'
SHELL='/bin/bash'
STRIP_FOR_TARGET='strip'
ac_ct_CC='gcc'
ac_ct_CXX=''
bindir='${exec_prefix}/bin'
build='x86_64-unknown-linux-gnu'
build_alias=''
build_configargs=''
build_configdirs=''
build_cpu='x86_64'
build_noncanonical='x86_64-unknown-linux-gnu'
build_os='linux-gnu'
build_vendor='unknown'
configdirs=''
datadir='${datarootdir}'
datarootdir='${prefix}/share'
docdir='${datarootdir}/doc/${PACKAGE_TARNAME}'
dvidir='${docdir}'
exec_prefix='${prefix}'
host='x86_64-unknown-linux-gnu'
host_alias=''
host_configargs=''
host_cpu='x86_64'
host_noncanonical='x86_64-unknown-linux-gnu'
host_os='linux-gnu'
host_vendor='unknown'
htmldir='${docdir}'
includedir='${prefix}/include'
infodir='${datarootdir}/info'
libdir='${exec_prefix}/lib'
libexecdir='${exec_prefix}/libexec'
localedir='${datarootdir}/locale'
localstatedir='${prefix}/var'
mandir='${datarootdir}/man'
oldincludedir='/usr/include'
pdfdir='${docdir}'
prefix='/usr/local'
program_transform_name='s,x,x,'
psdir='${docdir}'
runstatedir='${localstatedir}/run'
sbindir='${exec_prefix}/sbin'
sharedstatedir='${prefix}/com'
sysconfdir='${prefix}/etc'
target='x86_64-unknown-linux-gnu'
target_alias=''
target_configargs=''
target_configdirs=''
target_cpu='x86_64'
target_noncanonical='x86_64-unknown-linux-gnu'
target_os='linux-gnu'
target_vendor='unknown'

## ----------- ##
## confdefs.h. ##
## ----------- ##

/* confdefs.h */
#define PACKAGE_NAME "BNIX"
#define PACKAGE_TARNAME "BNIX"
#define PACKAGE_VERSION "0.1.0"
#define PACKAGE_STRING "BNIX 0.1.0"
#define PACKAGE_BUGREPORT "bbelna@aol.com"
#define PACKAGE_URL "http://github.com/bbelna/bnix/"
#define HAVE_ARCH_MEMSET 1
#define HAVE_ARCH_MEMCPY 1
#define HAVE_ARCH_STRLEN 1
#define HAVE_ARCH_STRCPY 1
#define HAVE_ARCH_STRNCPY 1

configure: exit 0
